<?xml version="1.0" encoding="UTF-8"?>
<!-- Generated by org.testng.reporters.JUnitReportReporter -->
<testsuite hostname="Vighnesh" failures="0" tests="4" name="com.tutorialsninja.qa.testcases.RegisterTest" time="32.720" errors="0" timestamp="2024-03-06T20:47:42 IST" skipped="0">
  <testcase classname="com.tutorialsninja.qa.testcases.RegisterTest" name="verifyRegisteringAnaccountWithMandatoryFields" time="7.525"/>
  <testcase classname="com.tutorialsninja.qa.testcases.RegisterTest" name="verifyRegisteringAcountByProvidingAllFields" time="8.532"/>
  <testcase classname="com.tutorialsninja.qa.testcases.RegisterTest" name="verifyRegisteringAccountWithExitingEmailAddress" time="9.116"/>
  <testcase classname="com.tutorialsninja.qa.testcases.RegisterTest" name="verifyRegisteringAccountWithoutFillingAnyDetails" time="7.547"/>
</testsuite> <!-- com.tutorialsninja.qa.testcases.RegisterTest -->
