<?xml version="1.0" encoding="UTF-8"?>
<!-- Generated by org.testng.reporters.JUnitReportReporter -->
<testsuite hostname="Vighnesh" failures="0" tests="3" name="com.tutorialsninja.qa.testcases.SearchTest" time="18.291" errors="0" timestamp="2024-03-06T20:47:42 IST" skipped="0">
  <testcase classname="com.tutorialsninja.qa.testcases.SearchTest" name="verifySearchWithValidProduct" time="3.616"/>
  <testcase classname="com.tutorialsninja.qa.testcases.SearchTest" name="verifySearchWithInValidProduct" time="8.544"/>
  <testcase classname="com.tutorialsninja.qa.testcases.SearchTest" name="verifysearchWithoutAnyProduct" time="6.131"/>
</testsuite> <!-- com.tutorialsninja.qa.testcases.SearchTest -->
