<?xml version="1.0" encoding="UTF-8"?>
<!-- Generated by org.testng.reporters.JUnitReportReporter -->
<testsuite hostname="Vighnesh" failures="0" tests="4" name="com.tutorialsninja.qa.testcases.RegisterTest" time="20.798" errors="0" timestamp="2024-03-07T13:45:08 IST" skipped="0">
  <testcase classname="com.tutorialsninja.qa.testcases.RegisterTest" name="verifyRegisteringAnaccountWithMandatoryFields" time="5.412"/>
  <testcase classname="com.tutorialsninja.qa.testcases.RegisterTest" name="verifyRegisteringAcountByProvidingAllFields" time="5.248"/>
  <testcase classname="com.tutorialsninja.qa.testcases.RegisterTest" name="verifyRegisteringAccountWithExitingEmailAddress" time="5.807"/>
  <testcase classname="com.tutorialsninja.qa.testcases.RegisterTest" name="verifyRegisteringAccountWithoutFillingAnyDetails" time="4.331"/>
</testsuite> <!-- com.tutorialsninja.qa.testcases.RegisterTest -->
