<?xml version="1.0" encoding="UTF-8"?>
<!-- Generated by org.testng.reporters.JUnitReportReporter -->
<testsuite hostname="Vighnesh" failures="0" tests="3" name="com.tutorialsninja.qa.testcases.SearchTest" time="11.236" errors="0" timestamp="2024-03-07T13:45:08 IST" skipped="0">
  <testcase classname="com.tutorialsninja.qa.testcases.SearchTest" name="verifySearchWithValidProduct" time="4.024"/>
  <testcase classname="com.tutorialsninja.qa.testcases.SearchTest" name="verifySearchWithInValidProduct" time="3.650"/>
  <testcase classname="com.tutorialsninja.qa.testcases.SearchTest" name="verifysearchWithoutAnyProduct" time="3.562"/>
</testsuite> <!-- com.tutorialsninja.qa.testcases.SearchTest -->
